<?xml version="1.0" encoding="UTF-8"?>
<!-- Generated by org.testng.reporters.JUnitXMLReporter -->
<testsuite ignored="0" hostname="JARVIS" failures="0" tests="6" name="Default test" time="59.339" errors="0" timestamp="2023-11-30T10:32:36 IST">
  <testcase classname="com.omrbranch.pages.TestRunner" name="TC1_testMethod" time="0.408"/>
  <testcase classname="com.omrbranch.pages.TestRunner" name="TC2_SearchHotel" time="38.04"/>
  <testcase classname="com.omrbranch.pages.TestRunner" name="TC3_SearchResults" time="1.964"/>
  <testcase classname="com.omrbranch.pages.TestRunner" name="TC4_BookHotel" time="6.025"/>
  <testcase classname="com.omrbranch.pages.TestRunner" name="TC5_BookingConfirm" time="2.091"/>
  <testcase classname="com.omrbranch.pages.TestRunner" name="TC6_MyBooking" time="6.994"/>
</testsuite> <!-- Default test -->
