<?xml version="1.0" encoding="UTF-8"?>
<testng-results ignored="0" total="6" passed="6" failed="0" skipped="0">
  <reporter-output>
  </reporter-output>
  <suite started-at="2023-11-30T10:31:37 IST" name="Default suite" finished-at="2023-11-30T10:32:36 IST" duration-ms="59339">
    <groups>
    </groups>
    <test started-at="2023-11-30T10:31:37 IST" name="Default test" finished-at="2023-11-30T10:32:36 IST" duration-ms="59339">
      <class name="com.omrbranch.pages.TestRunner">
        <test-method is-config="true" signature="beforeClass()[pri:0, instance:com.omrbranch.pages.TestRunner@17f62e33]" started-at="2023-11-30T10:31:37 IST" name="beforeClass" finished-at="2023-11-30T10:31:41 IST" duration-ms="3789" status="PASS">
          <reporter-output>
          </reporter-output>
        </test-method> <!-- beforeClass -->
        <test-method signature="TC1_testMethod()[pri:0, instance:com.omrbranch.pages.TestRunner@17f62e33]" started-at="2023-11-30T10:31:41 IST" name="TC1_testMethod" finished-at="2023-11-30T10:31:41 IST" duration-ms="408" status="PASS">
          <reporter-output>
          </reporter-output>
        </test-method> <!-- TC1_testMethod -->
        <test-method signature="TC2_SearchHotel()[pri:0, instance:com.omrbranch.pages.TestRunner@17f62e33]" started-at="2023-11-30T10:31:41 IST" name="TC2_SearchHotel" finished-at="2023-11-30T10:32:19 IST" duration-ms="38040" status="PASS">
          <reporter-output>
          </reporter-output>
        </test-method> <!-- TC2_SearchHotel -->
        <test-method signature="TC3_SearchResults()[pri:0, instance:com.omrbranch.pages.TestRunner@17f62e33]" started-at="2023-11-30T10:32:19 IST" name="TC3_SearchResults" finished-at="2023-11-30T10:32:21 IST" duration-ms="1964" status="PASS">
          <reporter-output>
          </reporter-output>
        </test-method> <!-- TC3_SearchResults -->
        <test-method signature="TC4_BookHotel()[pri:0, instance:com.omrbranch.pages.TestRunner@17f62e33]" started-at="2023-11-30T10:32:21 IST" name="TC4_BookHotel" finished-at="2023-11-30T10:32:27 IST" duration-ms="6025" status="PASS">
          <reporter-output>
          </reporter-output>
        </test-method> <!-- TC4_BookHotel -->
        <test-method signature="TC5_BookingConfirm()[pri:0, instance:com.omrbranch.pages.TestRunner@17f62e33]" started-at="2023-11-30T10:32:27 IST" name="TC5_BookingConfirm" finished-at="2023-11-30T10:32:29 IST" duration-ms="2091" status="PASS">
          <reporter-output>
          </reporter-output>
        </test-method> <!-- TC5_BookingConfirm -->
        <test-method signature="TC6_MyBooking()[pri:0, instance:com.omrbranch.pages.TestRunner@17f62e33]" started-at="2023-11-30T10:32:29 IST" name="TC6_MyBooking" finished-at="2023-11-30T10:32:36 IST" duration-ms="6994" status="PASS">
          <reporter-output>
          </reporter-output>
        </test-method> <!-- TC6_MyBooking -->
      </class> <!-- com.omrbranch.pages.TestRunner -->
    </test> <!-- Default test -->
  </suite> <!-- Default suite -->
</testng-results>
